[0.357s] Invoking command in '/home/nilaunix/gitfiles/ros2learn/ros2_ws1/src/my_robot_controller': PYTHONPATH=/home/nilaunix/gitfiles/ros2learn/ros2_ws1/build/my_robot_controller/prefix_override:/usr/lib/python3/dist-packages/colcon_core/task/python/colcon_distutils_commands:/home/nilaunix/gitfiles/ros2learn/ros2_ws1/install/my_robot_controller/lib/python3.10/site-packages:${PYTHONPATH} /usr/bin/python3 -W ignore:setup.py install is deprecated setup.py egg_info --egg-base ../../build/my_robot_controller build --build-base /home/nilaunix/gitfiles/ros2learn/ros2_ws1/build/my_robot_controller/build install --record /home/nilaunix/gitfiles/ros2learn/ros2_ws1/build/my_robot_controller/install.log --single-version-externally-managed install_data
[0.469s] running egg_info
[0.470s] writing ../../build/my_robot_controller/my_robot_controller.egg-info/PKG-INFO
[0.472s] writing dependency_links to ../../build/my_robot_controller/my_robot_controller.egg-info/dependency_links.txt
[0.472s] writing entry points to ../../build/my_robot_controller/my_robot_controller.egg-info/entry_points.txt
[0.472s] writing requirements to ../../build/my_robot_controller/my_robot_controller.egg-info/requires.txt
[0.472s] writing top-level names to ../../build/my_robot_controller/my_robot_controller.egg-info/top_level.txt
[0.474s] reading manifest file '../../build/my_robot_controller/my_robot_controller.egg-info/SOURCES.txt'
[0.475s] writing manifest file '../../build/my_robot_controller/my_robot_controller.egg-info/SOURCES.txt'
[0.475s] running build
[0.475s] running build_py
[0.476s] copying my_robot_controller/my_first_node.py -> /home/nilaunix/gitfiles/ros2learn/ros2_ws1/build/my_robot_controller/build/lib/my_robot_controller
[0.476s] running install
[0.476s] running install_lib
[0.478s] copying /home/nilaunix/gitfiles/ros2learn/ros2_ws1/build/my_robot_controller/build/lib/my_robot_controller/my_first_node.py -> /home/nilaunix/gitfiles/ros2learn/ros2_ws1/install/my_robot_controller/lib/python3.10/site-packages/my_robot_controller
[0.479s] byte-compiling /home/nilaunix/gitfiles/ros2learn/ros2_ws1/install/my_robot_controller/lib/python3.10/site-packages/my_robot_controller/my_first_node.py to my_first_node.cpython-310.pyc
[0.480s] running install_data
[0.480s] running install_egg_info
[0.481s] removing '/home/nilaunix/gitfiles/ros2learn/ros2_ws1/install/my_robot_controller/lib/python3.10/site-packages/my_robot_controller-0.0.0-py3.10.egg-info' (and everything under it)
[0.482s] Copying ../../build/my_robot_controller/my_robot_controller.egg-info to /home/nilaunix/gitfiles/ros2learn/ros2_ws1/install/my_robot_controller/lib/python3.10/site-packages/my_robot_controller-0.0.0-py3.10.egg-info
[0.484s] running install_scripts
[0.494s] Installing test_node script to /home/nilaunix/gitfiles/ros2learn/ros2_ws1/install/my_robot_controller/lib/my_robot_controller
[0.495s] writing list of installed files to '/home/nilaunix/gitfiles/ros2learn/ros2_ws1/build/my_robot_controller/install.log'
[0.512s] Invoked command in '/home/nilaunix/gitfiles/ros2learn/ros2_ws1/src/my_robot_controller' returned '0': PYTHONPATH=/home/nilaunix/gitfiles/ros2learn/ros2_ws1/build/my_robot_controller/prefix_override:/usr/lib/python3/dist-packages/colcon_core/task/python/colcon_distutils_commands:/home/nilaunix/gitfiles/ros2learn/ros2_ws1/install/my_robot_controller/lib/python3.10/site-packages:${PYTHONPATH} /usr/bin/python3 -W ignore:setup.py install is deprecated setup.py egg_info --egg-base ../../build/my_robot_controller build --build-base /home/nilaunix/gitfiles/ros2learn/ros2_ws1/build/my_robot_controller/build install --record /home/nilaunix/gitfiles/ros2learn/ros2_ws1/build/my_robot_controller/install.log --single-version-externally-managed install_data
