[0.313s] Invoking command in '/home/nilaunix/gitfiles/ros2learn/ros2_ws1/build/my_robot_controller': PYTHONPATH=/home/nilaunix/gitfiles/ros2learn/ros2_ws1/build/my_robot_controller/prefix_override:/usr/lib/python3/dist-packages/colcon_core/task/python/colcon_distutils_commands:/home/nilaunix/gitfiles/ros2learn/ros2_ws1/install/my_robot_controller/lib/python3.10/site-packages:${PYTHONPATH} /usr/bin/python3 -W ignore:setup.py install is deprecated setup.py develop --editable --build-directory /home/nilaunix/gitfiles/ros2learn/ros2_ws1/build/my_robot_controller/build --no-deps symlink_data --force
[0.447s] running develop
[0.448s] /usr/lib/python3/dist-packages/setuptools/command/easy_install.py:158: EasyInstallDeprecationWarning: easy_install command is deprecated. Use build and pip and other standards-based tools.
[0.448s]   warnings.warn(
[0.524s] running egg_info
[0.524s] writing my_robot_controller.egg-info/PKG-INFO
[0.524s] writing dependency_links to my_robot_controller.egg-info/dependency_links.txt
[0.524s] writing entry points to my_robot_controller.egg-info/entry_points.txt
[0.524s] writing requirements to my_robot_controller.egg-info/requires.txt
[0.524s] writing top-level names to my_robot_controller.egg-info/top_level.txt
[0.525s] reading manifest file 'my_robot_controller.egg-info/SOURCES.txt'
[0.526s] writing manifest file 'my_robot_controller.egg-info/SOURCES.txt'
[0.527s] running build_ext
[0.527s] Creating /home/nilaunix/gitfiles/ros2learn/ros2_ws1/install/my_robot_controller/lib/python3.10/site-packages/my-robot-controller.egg-link (link to .)
[0.528s] Installing test_node script to /home/nilaunix/gitfiles/ros2learn/ros2_ws1/install/my_robot_controller/lib/my_robot_controller
[0.528s] 
[0.528s] Installed /home/nilaunix/gitfiles/ros2learn/ros2_ws1/build/my_robot_controller
[0.528s] running symlink_data
[0.528s] symbolically linking /home/nilaunix/gitfiles/ros2learn/ros2_ws1/build/my_robot_controller/resource/my_robot_controller -> /home/nilaunix/gitfiles/ros2learn/ros2_ws1/install/my_robot_controller/share/ament_index/resource_index/packages
[0.528s] symbolically linking /home/nilaunix/gitfiles/ros2learn/ros2_ws1/build/my_robot_controller/package.xml -> /home/nilaunix/gitfiles/ros2learn/ros2_ws1/install/my_robot_controller/share/my_robot_controller
[0.546s] Invoked command in '/home/nilaunix/gitfiles/ros2learn/ros2_ws1/build/my_robot_controller' returned '0': PYTHONPATH=/home/nilaunix/gitfiles/ros2learn/ros2_ws1/build/my_robot_controller/prefix_override:/usr/lib/python3/dist-packages/colcon_core/task/python/colcon_distutils_commands:/home/nilaunix/gitfiles/ros2learn/ros2_ws1/install/my_robot_controller/lib/python3.10/site-packages:${PYTHONPATH} /usr/bin/python3 -W ignore:setup.py install is deprecated setup.py develop --editable --build-directory /home/nilaunix/gitfiles/ros2learn/ros2_ws1/build/my_robot_controller/build --no-deps symlink_data --force
